<?xml version="1.0" encoding="UTF-8"?>
<testng-results ignored="0" total="1" passed="1" failed="0" skipped="0">
  <reporter-output>
  </reporter-output>
  <suite started-at="2025-11-13T16:15:03 IST" name="Default suite" finished-at="2025-11-13T16:17:13 IST" duration-ms="129955">
    <groups>
    </groups>
    <test started-at="2025-11-13T16:15:03 IST" name="Default test" finished-at="2025-11-13T16:17:13 IST" duration-ms="129955">
      <class name="com.krishaweb.mis.ApproveProjectTest">
        <test-method is-config="true" signature="setUp()[pri:0, instance:com.krishaweb.mis.ApproveProjectTest@742ff096]" started-at="2025-11-13T16:15:03 IST" name="setUp" finished-at="2025-11-13T16:15:05 IST" duration-ms="1434" status="PASS">
          <reporter-output>
          </reporter-output>
        </test-method> <!-- setUp -->
        <test-method signature="approveProjectRequest()[pri:0, instance:com.krishaweb.mis.ApproveProjectTest@742ff096]" started-at="2025-11-13T16:15:05 IST" name="approveProjectRequest" finished-at="2025-11-13T16:17:13 IST" duration-ms="128257" status="PASS">
          <reporter-output>
          </reporter-output>
        </test-method> <!-- approveProjectRequest -->
        <test-method is-config="true" signature="tearDown()[pri:0, instance:com.krishaweb.mis.ApproveProjectTest@742ff096]" started-at="2025-11-13T16:17:13 IST" name="tearDown" finished-at="2025-11-13T16:17:13 IST" duration-ms="222" status="PASS">
          <reporter-output>
          </reporter-output>
        </test-method> <!-- tearDown -->
      </class> <!-- com.krishaweb.mis.ApproveProjectTest -->
    </test> <!-- Default test -->
  </suite> <!-- Default suite -->
</testng-results>
